XMJbVtExbRehYT4HcfMZYynt8Bo6o8y/rOyGdY57o7v2PbTw4v7PEg1JV5c9104GaXnWxRlxQzy/Y1qB2rhvpgx9XjxBeNObUwyBq0vfXcE3GdfKY5e6/wEFeFNC1bKl6vZ0HDjdWHwW8aIOu0KCopM2X05WbGmZr6zyUu9mUI4Mul23Kio1ykEH+QZHsqubyqwBXc7yBhFnRw==
nCP0NjRWLAN8iAKjQWK5fp33orDFQOTaEqPJJysPCbDS9pWw8g2aZ+f7sUstMKmjAmp1xauGpp1+UidhUj5JbufxcyJ9eROZGRvnp7uoy2EudYGL5KH6s9YfGig4XnALrFZ2n54co0SGuIPIc2w+Wr1T7+Ku4BfA9PS8JNE1oryBIOGphVSfdG/BmpLtv+aEEhtnSQ==
O3VUQT92PdTGQyWwJxwWJ/DJP2GZOrnbbWfGhOo6a8giBMDtMuqPzlH3VG4k+SPqYZ+eQZCW6dqMwBL1ZaejcMG+XRqztkBcallqW48/EceQwbu/ys71aXOSlmHW1setKgqZMm8VM05lrWMl8V/Hq4PcW/1mUYGnvDVKz/4bemTA6iDXpDK2cwZIU3jufCNEy5guRnX3b0529Cc8XHBc6KkBcuAJxKHFnYDvyIeFup7Vy3YYWj9nZQ==
hV2c0nV6NXvMcGWdWCSesWXx/IBGssPlv6+Uh7nwBo5SwZzpev73dB5cFdV8OX0iGOglj8C4zYUjqb5DC5+SJ4wfHN+2QUv3PFAqQVIWel7WoIiSqbLN3GbC+aZWXNf3MeCfmzlpbyIno2wPG3zbU4WiQ1TFe4YuMQ+vEUAn/+shKQZiQ9ecmpksBGdQ
RPbFVOtidJPUVMPW8GEtkyYtTPp9Qm02ZRz2AxcnAj67j19ZU1os5s3YKn5O+YiJTi8KpLI0gVXo0dFyZLARb9SA0fUPgUqDv/f+lxDniH/CGXcn0Hg+QUY+lo7q+PwyPUpRbAqqTWaidPuHLdiLew0xE3KLS/iPjxR3g3l6dzTRQ5reHSfbUfTPE1u9UZLCtw+gyvUEEGdE
NZ2FEPhnpJoi6FAIxl9S1yvMeE9jNmsA+DsZOwxOlYK5bztJA1TjhERGoCWm+QDyxJz8aE+VJo2fyqpsXx96XD9NYd3kYxFrkC/+eyYPTIX5n17ksMHIohg2ZGRyQpPWv9RkNuOGDCiVP8MEJQtD7d3KxRc2T0FIObu3pjlE/5905nN79bHa031jU028srkTrvL7GB5nSg==
w6VI71C6CIGEyZ6+GO3xJoGhoOOjJ1F8PPiwvZ55aBMndvyijzy8N182U2gyjb23i6yYytg4bRCLlL8cwNbEbWrZDPkgrLjQsxVaNVv6zmRTPzaU293lRTgjTXOUP9qz6m/ADV3vGhyMwfRaXEbA7P4iXx6bxGAuv8bQsBGvJ8xpK0/lufoBr0rPvfB9i1OuNWQz1xB29+OpcQbLeXN3BfBSNZsKAj9gImd2
UduXDmhnF04CAjDG9lG+i/X2HqHT4rbsnGOVxqyMqFAFwpz6muYkfCq56jtPHxHnVqE4X4ru9UkzchYBFvbHjepqGdIvNTNuJU3jRTF/x4tDvNsdJnGBh/zVyq8+O3pEAIqgN+QStlNGqNMYLlwjZAv4rqY1129uNhSnXJxQXMhpYfIASeSh5d1gb6hHpbq+Fav2+BofZ0U=
7Hh2Ys/obn8JevLYpoxVCtHf5ZZHDc/yaQNpNmIJ7Ab9G3xOE1dwMn6XvfSJENbOIqEsaepTpjQuvAXVbFlN4shItQ9wWD1Fc8mOQ/u/wmc8v+xfJiEbN8xwOkFCNoqehsAYElkSfZw24gmmZjyHN8EALxupyb/iF8N8Dwuc6xPVAtPUdRv2buHvnxEwBy8rkYl24tM3TNrpDBRnQA==
W1WEMmqsqSocOvIrDrLdWXT++gomq8/stu6YZZ08v5j2MLSfhJCmCAReTp8C4WNhITWEl0AVViC1C3e03rtaqBd/XjxBeNObUwyBq0vfXcE3GdfKY5e6/wEFeFNC1bKl6vZ0HDjdWHwW8aIOu0KCopM2X05WbGmZr6zyUu9mUI4Mul23Kio1ykEH+QZHsqubyqwBXc7yBhFnRw==
H2oe91omHLqjwOjQLNxEIQETYTZqGYQmBcskDrSt5sBTbDV0AWB+LvoRVCkygZ5UBqwN1WRJZQLwGO3PiOhlJds5BsNzDyrHZM9Un/5xYxckYDJBSiZivv6QwNLhYiU83lKBJu7ML1eZsNfb8ZmHAj/TdA8DjMNz7dILlA2rLo5JnxeRuLdHi0l5zqKL57T6gRwcZ0g=
7Oy+6Wl2Jdt/1qFRTWy6bcYNp6B5EfUeXnQxR20sxfS6QUqTP0fRL4eYWDe69vVBIwo2KeYuh8W60vk6n62z5rW1Q+1BJwdDk4S7dRZpgY/sreqHzuM6DFAyQN9Uijbb1lBzsF4E46zbwM7OBc9vZiZsh3RsiByAOdkS6Pl8IW1NmM8AN/16dsWTlpAqB2dN
uPlJwBQQTiGfplJotdFdKPn3EqzKo/+kg3TMy+DT9wIH2936muYkfCq56jtPHxHnUaA4X4ru9UkzchYBFvbHjepqGdIvNTNuJU3jRTF/x4tDvNsdJnGBh/zVyq8+O3pEAIqgN+QStlNGqNMYLlwjZAv4rqY1129uNhSnXJxQXMhpYfIASeSh5d1gb6hHpbq+Fav2+BofZ0U=
4BEqq4HJh5f5mK7EFm84WW6XhhJAElDMu0JpEkucYrgdJWinqEqf7BNWF2rUC5RjGWyfjX/gOizsOaq7KuTDNriKTis+AgPSS6sMV0SebIPw3twuTD8QLci+vuF5ecPWOdn/kGZeaBhpk08cWIlJkvMdiECSHdr3x8sxewukabPiGnW1S5ZmDV5ip1Fyrgl+hwFz0h1pUwk5K2eXmzgLcc4FgfsEsToj9i+aGBjOMBvMpnZv/gzj1KaIA/hT/P5KXSPvkk7w11DUxDwU8aXirOHQ4VnlRN/kT/Eaos0vJpTya2c5
OlPwaXQharsQ+RsekOH6B93gmRMcw3zKK+jyDM06lBMSNh9jUjmHtZ16rMFRQtLF5w1qGBGATm5K8eSpom9PFVaM/dUUabXCoHh9TziI1eXrWRbDYy9aB5RvJB9u0TNX9IACQXrGsv6uMFBSkcLV/K5ykSb+rB+XKdBnW2H518Lv8wQP86yTMz0ymxS9S57OeX8HkaiXt8s52T4iG0dkOtF8LGd4
A3Tk/abJPGFxDUUdD6MbxcbXfyBpmFXTUPuImn8AzmzREuAjBi4TY14hk4XpUrChbaqGlRM1Jtjd+Pq+HlkYCT6H+2XCFHFVmPEhMhQQ4e9EIAG1X6Fag68XLtdABxj/cvnHZ+CYDkF23qbOWhhMsq2qASzaSl1mslSrx/14G/v9kWMye2uIj380B0OJ2ge0QePKHs0Hy1Hkr0ObbTECQgdvEArFZCBndA==
wQzLHwt9BB1p3mW/fno5+44hQtTa/gqkQ8MNPQbwukfkapx9p4GskuPdpxYJdtgJOeYUCwGkx7doLm5vQrHD8aGlaUYBJbYQtTuXhJ5rujiX7/5sAYjz61P8oduLD/1Rt4m3mqOn2s8BNRhjgoXSNWpm1Mz4rXiMFoGC/vsSIjITpr+eFlyJqa+cEmKvtrAejCr952raFbpB99l2h2ILC0o8YQ0OwmYhZ3c=
l0DNIP6/iAlSopPiqPK1/t7nueuvR1N8N/Oyn7JyZTQ8fOPm+iv8KhFjXCVpjfOmgrGfnpx9KVHE+L8cwNbEbWrZDPMhrbjQsxVaNVv6zmRTPzaU293lRTgjTXOUP9qz6m/ADV3vGhyMwfRaXEbA7P4iXx6bxGAuv8bQsBGvJ8xpK0/lufoBr0rPvfB9i1OuNWQz1xB29+OpcQbLeXN3BfBSNZsKAj9gImd2
k7gwK/VUDImOBK2Yv1o1HWmcZIjGAC61y+624JZpl2aZ6ZYm7fil+gx/FjhiZTqPN7PxA/TficsSYnXNu+6Gda4aZymC1ukGd3nzqu0Rs3HJU6fva0DrCT59gYP0ydpbBldaYOi20GM83vYXDnQDrFbww4CjhB4yrVvv6r6INygkvPxsAd0C1BGoYSEVPD+cv4na2j1XxuwCE2dB
t4yXFMVbUZv6Dd3Ecep+LyeNM0kxXCYf8ikeIzMe0ZOoayxcEjDjhERGoCWm+QDywpL8aE+VJo2fyqpsXx96XD9NYd3kYxFrkC/+eyYPTIX5n17ksMHIohg2ZGRyQpPWv9RkNuOGDCiVP8MEJQtD7d3KxRc2T0FIObu3pjlE/5905nN79bHa031jU028srkTrvL7GB5nSg==
5UH649rUmIKLv6JvXUx8Sb7+Ixso4bnQq5Tf3CBWpC1K2Sy5hiJYkNMVuvU7em6kcz8WVDtdhQXYI20zNL9684pvIM09b7rcrMHUmvzGoCweIj9eO0TAbp/GMPBxL8cMSStvJRl6YW+qz92wnQvz7hVkE5dw9hcjyXEmC9nz18UQUlXb6oKfIAJnVg==
uZfXqtJmAYHzYiHQb+f9xHaagLyLKEYYBE4uz8IRg9GhRSIhjsV2MLUbV2QeC/rYl8++zIEos4tTHGF7C689cbfpd3ojx5rvARVYAwJlElVqRhRseA24bBbhwl57smISE0b//pa8SYmvvNKCL9bw/owKvUfqelXaQRcZ1gfCyytKXKHtjqImAWdX
VT61ME83yNua/Ni2ipExGrz+Iwoq973Qq5Tf3CBWpC1K2Sy/hiJYkNMVuvU7em6kcz8WVDtdhQXYI20zNL9684pvIM09b7rcrMHUmvzGoCweIj9eO0TAbp/GMPBxL8cMSStvJRl6YW+qz92wnQvz7hVkE5dw9hcjyXEmC9nz18UQUlXb6oKfIAJnVg==
s0kblJvHiOUX401UbFDSAnaahqqXNUYYBE4uz8IRg9GhRSQhjsV2MLUbV2QeC/rYl8++zIEos4tTHGF7C689cbfpd3ojx5rvARVYAwJlElVqRhRseA24bBbhwl57smISE0b//pa8SYmvvNKCL9bw/owKvUfqelXaQRcZ1gfCyytKXKHtjqImAWdX
AJLRsJidlHCdDWBzGSSc43aah7yFMEYYBE4uz8IRg9GhRSchjsV2MLUbV2QeC/rYl8++zIEos4tTHGF7C689cbfpd3ojx5rvARVYAwJlElVqRhRseA24bBbhwl57smISE0b//pa8SYmvvNKCL9bw/owKvUfqelXaQRcZ1gfCyytKXKHtjqImAWdX
s/MvfcJ6TmRjn+7u/GQovjbFN5vMHimw3af45Ipv0WCZ58Z1+/C+6Q14NDhiZTqPN7PxA/Xeh8sSYnXNu+6Gda4aZymC1ukGd3nzqu0Rs3HJU6fva0DrCT59gYP0ydpbBldaYOi20GM83vYXDnQDrFbww4CjhB4yrVvv6r6INygkvPxsAdYD1BGoYSEVPD+cv4na2j1XxuwCE2dB
CDRLm3w/aPG2Ge+PoOjJRua6/0h5meK/AFBgmaBVllm1CMSdr5Ht6axFQiXJGmb1bnAImLuCV0xKiSqLL6+RVzET92/q3vV5U0LWsXZGRz2K2tniTwUzXkV9I/VRz0c7IwwbLUZBgbec5QofXov69GA6YAeEIrZjJpgTqE7so9RrSG6WVedvXlYkZ+z84Nx4CdozMCnUodW9UK8YJxU6DnUbNsh6L2d1
mztgGHUtdMuQ5akxwCc0ex+JG2rCv14yNTK+RunWjBtrPcifl4HQAi+iOCMZnJB1lIOsy9XuNf8LX8louLDMCGDjk4o2tGHyQaL74XMQe2hxZlWbzBMi/gu8PAOS3snOJ9FzAr3Zk3nZe+dH+8hLwW5VgaukAXrTlv8aSPi+8Ktsdna/XrwjpEbYgygzDL76/XPvwu5Al6C0FLxEEd8jHEEA4YlF9B+Ur6Gacq3fZiRSO2dp
mztgGHUtdMuQ5akxwCc0ex+JG2rCv14yNTK+RunWjBtrPcifl4HQAi+iOCMZnJB1lIOsy9XuNf8LX8louLDMCGDjk4o2tGHyQaL74XMQe2hxZlWbzBMi/gu8PAOS3snOJ9FzAr3Zk3nZe+dH+8hLwW5VgaukAXrTlv8aSPi+8Ktsdna/XrwjpEbYgygzDL76/XPvwu5Al6C0FLxEEd8jHEEA4YlF9B+Ur6Gacq3fZiRSO2dp
ZNcNXaG06YgBeIedklfx9Ng7T3IHiNMTP7jV6OnnlCieZo3pn5jdgoANICVEF4skW73M9pJLKwfXgd6kNY//IE4v8sy3m/ZoEawb3xNISX8bi3UlF33/3nODsvsBAXBHUsGawcoSXEhoCZA4VrVq2usWKkYzUvfaxvjhHS8oesZ/8vjqrF714nv+/Y4BQzHSF+aDf+rIKUne5g4VZ0M=
EkmyRsz9C1zuJrUXwRXrFwOxLgHJrSpZb2liHqMK9xsGN+V/YSxUfvKUovGfn3yKqUqNGXTraPDDFaoVCzoeBMO/hvRrHdUlKCNdU2T/qhMa71Ctja9K/LzBxLoMBhBMbqKvvusEkA6vxsDQIW+XrNmr34VpOlGPus/N0K3LA06l5IM3oTfHA7lxFusJM4elgNKlO1rC7wASZ0Y=
79wGNlsVEeK/eba24w6Ojh/n9GDWcoZW1XH1OGz24CEYokBGE16T3p866FLsJmWgXHYNVoEbQVo3LhOHKnA5Ab7uvs1nmw==
pIvMxPWZl32aDxMeq3C2ONXklRsZ9y/QJdW9HNdz9xFBDCNNYyyUp54/6t5HAZjF7xlhO3zZHkh+3P7Q1zAVSwqM5MRZdIDGo01zVDqI1eXrWRbDYy9aB5RvJB9u0TNX9IACQXrGsv6uMFBSkcLV/K5ykSb+rB+XKdBnW2H518Lv8wQP86yTMz0ymxS9S5XIeX8HkaiXt8s52T4iG0dkOtF8LGd4
EyojJcRR/WuW1dycaITZTM573qmpgKuCq7rlgutCZtm0/xcVJKeEeY6CL/sLNu33Ou/vQJZ41cOMV6WkuZEAC0rYxe99raLiuO1FsEE/w+IxM4IlEz98YroHaFG8bLsXsCNlyAB85IGeAqexMg6JHkchc/LdCdOpectn91uYi5GOJYHbRFG6gzZPmvhYbrB7DIZ2Tz5sY3TmaAOYk1x+qh0D77IOEFfwFKQ89LEIZMwh8OF5JSRfRA8RGsINj6Z0sktnGQ==
jAZScKp0sIpwLJt6oF+ZK1yDz+w5UQSmp3OwIRRPOzPsR+YvvZhQO0/rulFtd7HS0ZsP9jEEd69gAJtrzTGiw9XDS700crFD1pLTqMZnkg==
pop1ZSyLHfEPNW8+yw/z9JGZkOiUPTy5jdwi6iax6dCxFjxXj0AfVwZv2cqNnJLvcj1Ae/zeHWbtyG/ZErfd5KEWEAxp+suzke3XQ0lax7QBY4YYjYcLUSQvg5utsUJCR+9QCgXk4Ge0
59D7R+GNg/u++Wy9718Gi5YmR3lzynuSZWBhRovtQzGX6Fjhk0gCXhfFqZyG0lZrNzlDDa8L7EwW3h665X3t9Ax6OG0oThjqk/LLMq92MN6M6n2rbJqV+kE3WbaHootLSnzhTQ4C5uFntw==
heSqihJ1s3BQkg2CdW8yiSN+3NI6shAlQ2xqahfxwbhWFh4fl83LiT+vBPhW6vae9XnlACwOcKn46nBeE0ajln+yeKqsHnWvfL59zgGDsRIXJgO/6gipid4mjtVngw==
h0z0zo0RdYKDNEbKKTeCc+n34szLQb3P2JNoGbNQElYXzbmEpipmI3fxs7XPk3zEllaOIgXFnbzMsggVCFYI4pP62yqPDgAWTKINE4wCBXLBv8ku5xp7gwo00bUuGvbpZ78=
Adv+4NH+mzBNMcz+76Pem8DEzen6c5zV75NoGbNQElYXzbmEpipmI3fxs7XPk3zEllaOIgXFnbzMsggVCFYI4pP62yqPDgAWTKINE4wCBXLBv8ku5xp7gwo00bUuGvbpZ78=
ExVlFqPA8Q15vdclb9mLdQJ+pfhRQa4DnK/L6u7ol089Ai6g6q3nYycjVwngWjY0KsStrzFSfMC847AstBxTuJ/sR0RM2JzwWcdUWFmsIZ2tCA8wF636BqWD1iCK12e9
hQxxKFrT03Dq4kzyWCrp7R+JG2rCv14yNTK+RunWjBtrPcifl4HQAi+iOCMZnJB1lIOsy9XuNf8LX8louLDMCGDjk4o2tGHyQaL74XMQe2hxZlWbzBMi/gu8PAOS3snOJ9FzAr3Zk3nZe+dH+8hLwW5VgaukAXrTlv8aSPi+8Ktsdna/XrwjpEbYgygzDL76/XPvwu5Al6C0FLxEEdskHEEA4YlF9B+Ur6Gacq3fZiRSO2dp
u5I+T0yBhOmxgDW6J8wVGlyDz+05UQSmp3OwIRRPOzPsR+YvvZhQO0/rulFtd7HS0ZsP9jEEd69sAJtrzTGiw9XDS700crFD1pLTqMZnkg==
1UPMEtcxCivX9MFe7GCTGXxbuQhZw7ac+LLZsReOo7I8QfzklxpTlM0U58y8gNwYSf61EOk0oTV9cC84Z3U6bjU7tui6z2eV
zbcMwwjtM/V2WJwJxz1G3bwlOjkUcXoOO5ANXNi1i1QLN6Q1e6Pxsx3yOxRdi7FJWT9nkQhXV0vZGZ4iewcEuvG8zGeY
sHV8Sx5mZJiZ1s5G2u7MIUZbeYgQV9vKOTavRUNzg8MR2/+WoYTHDzPB64vdMbLj5YOb3cTyIeNmUoNItmfi
h5C3k/cNhI5ydt342pIw91eX1X9hi81T5ufTYrTktwjkXPwMQfKFNNEIYYHV3L+8/+naOv13RoxCs2fh
O5Lt0mI2Gn1PdF0bw3Kmj3wBj4UvqywsFjpcFGXdrdQMGniNqC7YypPSC1IvlnC+jMo9D+g61BpBV5kWBwJLa0qcIS2O4qbBZ5c=
ZN9/lCd7WNm19x957xfWnyL+P5UX89MH8Zx0KqmKvQEyF07W24WFGhY3pdtlVcgYoYFUXjBWPZ2asIvCfWqUmudbX1bBhOdP10RLSr0xkqMFAzsdpPIBo4bSI4jWZ4I=
iiDCxyG9r7H8vB46J0StMNGm2ZOBuQmKgFVJrLdz78KX3ChaD65A9kyCzXQIokSSwd8Jjmf6O6MKVBEVrvq2yWef
iiDCxyG9r7H8vB46J0StMNGm2ZOBuQmKgFVJrLdz78KX3ChaD65A9kyCzXQIokSSwd8Jjmf6O6MKVBEVrvq2yWef
