VZulEPjKEbSMO7/8FOziDynt8Bo6o8y/rOyGdY57o7v2PbTw4v7PEg1JV5c9104GaXnWxRlxQzy/Y1qB2rhvpgx9XjxBeNObUwyBq0vfXcE3GdfKY5e6/wEFeFNC1bKl6vZ0HDjdWHwW8aIOu0KCopM2X05WbGmZr6zyUu9mUI4Mul23Kyo9y0EH+QZHsqubyqwBXc7yBhFnRw==
D1laj+Ok1hmKGiJ7+v8uB533orDFQOTaEqPJJysPCbDS9pWw8g2aZ+f7sUstMKmjAmp1xauGpp1+UidhUj5JbufxcyJ9eROZGRvnp7uoy2EudYGL5KH6s9YfGig4XnALrFZ2n54co0SGuIPIc2w+Wr1T7+Ku4BfA9PS8JNE1o7yJIeGphVSfdG/BmpLtv+aEEhtnSQ==
KlxEbM9i3NKeYO6g/jj2W/DJP2GZOrnbbWfGhOo6a8giBMDtMuqPzlH3VG4k+SPqYZ+eQZCW6dqMwBL1ZaejcMG+XRqztkBcallqW48/EceQwbu/ys71aXOSlmHW1setKgqZMm8VM05lrWMl8V/Hq4PcW/1mUYGnvDVKz/4bemTA6iDXpDK2cwZIU3jufCNEy5guRnX3b0529Cc8XHBc6KkBc+ABxaHFnYDvyIeFup7Vy3YYWj9nZQ==
cdAFo8OQn8MmgVbWfUvD9mXx/IBGssPlv6+Uh7nwBo5SwZzpev73dB5cFdV8OX0iGOglj8C4zYUjqb5DC5+SJ4wfHN+2QUv3PFAqQVIWel7WoIiSqbLN3GbC+aZWXNf3MeCfmzlpbyIno2wPG3zbU4WiQ1TFe4YvMQeuEUAn/+shKQZiQ9ecmpksBGdQ
UhhUT0aCr6zfcs45gTSvQiYtTPp9Qm02ZRz2AxcnAj67j19ZU1os5s3YKn5O+YiJTi8KpLI0gVXo0dFyZLARb9SA0fUPgUqDv/f+lxDniH/CGXcn0Hg+QUY+lo7q+PwyPUpRbAqqTWaidPuHLdiLew0xE3KLS/iPjxR3g3l6dzTRQ5rfHS/aUfTPE1u9UZLCtw+gyvUEEGdE
fg65z1RdsNa6TE/GNp5l6SvMeE9jNmsA+DsZOwxOlYK5bztJA1TjhERGoCWm+QDyxJz8aE+VJo2fyqpsXx96XD9NYd3kYxFrkC/+eyYPTIX5n17ksMHIohg2ZGRyQpPWv9RkNuOGDCiVP8MEJQtD7d3KxRc2T0FIObu3pjlE/5994HNz9LHa031jU028srkTrvL7GB5nSg==
qTcllfLawKplFK3mEyJ/BIGhoOOjJ1F8PPiwvZ55aBMndvyijzy8N182U2gyjb23i6yYytg4bRCLlL8cwNbEbWrZDPkgrLjQsxVaNVv6zmRTPzaU293lRTgjTXOUP9qz6m/ADV3vGhyMwfRaXEbA7P4iXx6bxGAuv8bQsBGvJ8xpK0/lufoBr0rPvfB9i1OuNWQz1xlw9+uocQbLeXN3BfBSNZsKAj9gImd2
j5XTg1kkkUMWya0tljS+u/X2HqHT4rbsnGOVxqyMqFAFwpz6muYkfCq56jtPHxHnVqE4X4ru9UkzchYBFvbHjepqGdIvNTNuJU3jRTF/x4tDvNsdJnGBh/zVyq8+O3pEAIqgN+QStlNGqNMYLlwjZAv4rqY1129uNhSnXJxQXMhpaPQAQeWh5d1gb6hHpbq+Fav2+BofZ0U=
vBIRSMoO9PMJXt/yCXXFQNHf5ZZHDc/yaQNpNmIJ7Ab9G3xOE1dwMn6XvfSJENbOIqEsaepTpjQuvAXVbFlN4shItQ9wWD1Fc8mOQ/u/wmc8v+xfJiEbN8xwOkFCNoqehsAYElkSfZw24gmmZjyHN8EALxupyb/iF8N8Dwuc6xPVAtPUdRv/aOHnnhEwBy8rkYl24tM3TNrpDBRnQA==
ANZACIqq7J2sJQN6UD+szXT++gomq8/stu6YZZ08v5j2MLSfhJCmCAReTp8C4WNhITWEl0AVViC1C3e03rtaqBd/XjxBeNObUwyBq0vfXcE3GdfKY5e6/wEFeFNC1bKl6vZ0HDjdWHwW8aIOu0KCopM2X05WbGmZr6zyUu9mUI4Mul2+LCo9y0EH+QZHsqubyqwBXc7yBhFnRw==
rLlY/OwAcieSnCDyG/BFtgETYTZqGYQmBcskDrSt5sBTbDV0AWB+LvoRVCkygZ5UBqwN1WRJZQLwGO3PiOhlJds5BsNzDyrHZM9Un/5xYxckYDJBSiZivv6QwNLhYiU83lKBJu7ML1eZsNfb8ZmHAj/TdA8DjMNz7dILlA2rJ4hJlxaRuLdHi0l5zqKL57T6gRwcZ0g=
lbJqzFVmwEjc3sd86B/AzsYNp6B5EfUeXnQxR20sxfS6QUqTP0fRL4eYWDe69vVBIwo2KeYuh8W60vk6n62z5rW1Q+1BJwdDk4S7dRZpgY/sreqHzuM6DFAyQN9Uijbb1lBzsF4E46zbwM7OBc9vZiZsh3RsiByAOdAU6PF9IW1NmM8AN/16dsWTlpAqB2dN
IxaPsS6y0HfP+UlnKt9udcYpNebT8NQ9OynmXx4vB2tfbMGoljYcv3M9OPHvhOE0VUiCHvYJQMkG+9OE2gR5VZDhOVI84NmvnPBpFacR0gMnZ5Y36FfAPwrJL0f4iAZBfs6+7rIoNHJ1+qnMYjrV5jrkU2eVqMO7xWFLUmN7gI93JB+joao/dBmzK7i1v0LRbF/7+8XhWgL/X3gq3XQoZ3w=
f9r3yPhMKKPECnLGiTO7zPn3EqzKo/+kg3TMy+DT9AIH2936muYkfCq56jtPHxHnUaA4X4ru9UkzchYBFvbHjepqGdIvNTNuJU3jRTF/x4tDvNsdJnGBh/zVyq8+O3pEAIqgN+QStlNGqNMYLlwjZAv4rqY1129uNhSnXJxQXMhpaPQAQeWh5d1gb6hHpbq+Fav2+BofZ0U=
uQx+F1j3DSPQbWkaJUqDQm6XhhJAElDMu0JpEkucYrgdJWinqEqf7BNWF2rUC5RjGWyfjX/gOizsOaq7KuTDNriKTis+AgPSS6sMV0SebIPw3twuTD8QLci+vuF5ecPWOdn/kGZeaBhpk08cWIlJkvMdiECSHdr3x8sxewukabPiGnW1S5ZmDV5ip1Fyrgl+hwFz0h1pUwk5K2eXmzgLcc4FgfsEsToj9i+aGBjOMBvMpnZv/gzj1KaIA/hT/P5KXSPvkk7w11DUxDwU8azkrOnR4VnlRN/kT/Eaos0vJpTya2c5
7gFf+zmhSEoWq8934Ieqp93gmRMcw3zKK+jyDM06lBMSNh9jUjmHtZ16rMFRQtLF5w1qGBGATm5K8eSpom9PFVaM/dUUabXCoHh9TziI1eXrWRbDYy9aB5RvJB9u0TNX9IACQXrGsv6uMFBSkcLV/K5ykSb+rB+XKdBnW2H518Lv8wQP86yTMz0ymxS9S5fIeXcGkaiXt8s52T4iG0dkOtF8LGd4
WY52p9/Dvbs8+y7I1f0DqmmcZIjGAC61y+624JZpl2aZ6ZYm7fil+gx/FjhiZTqPN7PxA/TficsSYnXNu+6Gda4aZymC1ukGd3nzqu0Rs3HJU6fva0DrCT59gYP0ydpbBldaYOi20GM83vYXDnQDrFbww4CjhB4yrVvv6r6INygkvPxsAdQE1BmpYSEVPD+cv4na2j1XxuwCE2dB
EaTugdEf3utvMyXQNe4sSyeNM0kxXCYf8ikeIzMe0ZOoayxcEjDjhERGoCWm+QDywpL8aE+VJo2fyqpsXx96XD9NYd3kYxFrkC/+eyYPTIX5n17ksMHIohg2ZGRyQpPWv9RkNuOGDCiVP8MEJQtD7d3KxRc2T0FIObu3pjlE/5994HNz9LHa031jU028srkTrvL7GB5nSg==
N3RB08quuSU23y6+tJHR1b7+Ixso4bnQq5Tf3CBWpC1K2Sy5hiJYkNMVuvU7em6kcz8WVDtdhQXYI20zNL9684pvIM09b7rcrMHUmvzGoCweIj9eO0TAbp/GMPBxL8cMSStvJRl6YW+qz92wnQvz7hVkE5d58BcryHEmC9nz18UQUlXb6oKfIAJnVg==
AFqSqFjwygPgKhYRF+L5oXaagLyLKEYYBE4uz8IRg9GhRSIhjsV2MLUbV2QeC/rYl8++zIEos4tTHGF7C689cbfpd3ojx5rvARVYAwJlElVqRhRseA24bBbhwl57smISE0b//pa8SYmvvNKCL9bw/owKvU7sel3bQRcZ1gfCyytKXKHtjqImAWdX
qDl3opJ+LgMYlkEmdK25kLz+Iwoq973Qq5Tf3CBWpC1K2Sy/hiJYkNMVuvU7em6kcz8WVDtdhQXYI20zNL9684pvIM09b7rcrMHUmvzGoCweIj9eO0TAbp/GMPBxL8cMSStvJRl6YW+qz92wnQvz7hVkE5d58BcryHEmC9nz18UQUlXb6oKfIAJnVg==
Zhtu1Kw1+KlUwo2WLPRRanaahqqXNUYYBE4uz8IRg9GhRSQhjsV2MLUbV2QeC/rYl8++zIEos4tTHGF7C689cbfpd3ojx5rvARVYAwJlElVqRhRseA24bBbhwl57smISE0b//pa8SYmvvNKCL9bw/owKvU7sel3bQRcZ1gfCyytKXKHtjqImAWdX
MBCCYYR4RAKjGTqylJwoC3aah7yFMEYYBE4uz8IRg9GhRSchjsV2MLUbV2QeC/rYl8++zIEos4tTHGF7C689cbfpd3ojx5rvARVYAwJlElVqRhRseA24bBbhwl57smISE0b//pa8SYmvvNKCL9bw/owKvU7sel3bQRcZ1gfCyytKXKHtjqImAWdX
MALNWEiiWWe7J56h9rgGq7ZzdgxMxjX7ijY8Nq9NRzwSekB/yK3DY1a+Mj3FysLvUUQ3bGg2nN2SmVQoGcOQwLsVUiVzGvY0i/9OJAO9TbWwo8XD/J8Cw1KvmF2lz3IMhMH8SjRmOLym4uduQ2QInjdGWEC5z/98EeuXtYEaKb9Cz7XgVetrfm0ky2dBkF+bIPGOe5HTL/VIEu1LciLXcCpnfg==
M5GihdXEf3F2hP///+1UdsqehWoZLReU1B5wtNGu6NC8HyFx1u9P4Pn4KXoCPvSH2UOkZ6LtDsQyE1w/qcr4MEBe+PdGvgd1WgK5Sr+9s9bV5YMd4beH83NU+wU2eYG/jP0qd25zuryw4gCvdJo267YAs0D+lGMcOxCOviXfb1ZGPEeEzBicMNkBVJjRbSFdLcgP8Jdt+sYlQ9bgChdnfQ==
hjX1GHXBB7W/C+wdHVVS8MqehWoZLReU1B5wtNGu6NC8HyFx1u9P4Pn4KXoCPvSH2UOkZ6LtDsQyE1w/qcr4MEBe+PdGvgd1WgK5Sr+9s9bV5YMd4beH83NU+wU2eYG/jP0qd25zuryw4gCvdJo267YAs0D+lGMcOxCOviXfb1ZGPEeEzBicMNkEVJjQbSFdLcgP8Jdt+sYlQ9bgChdnfQ==
6zdjsyEVW3GSHLg9tQuMcQ37ZUearTFXKSxtBOoK/h0wfqQ+Rx5zWYGdu+T4qUKgvRHQTCK1DOXfH8I4Pj4dMc2khPRrHdUlKCNdU2T/qhMa71Ctja9K/LzBxLoMBhBMbqKvvusEkA6vxsDQIW+XrNmr34VpOlGPus/N0K3LA06l5IM3oDHHCrhxFusJM4elgNKlO1rC7wASZ0Y=
