hbuBSasOHUHozAr8BxqZGSnt8Bo6o8y/rOyGdY57o7v2PbTw4v7PEg1JV5c9104GaXnWxRlxQzy/Y1qB2rhvpgx9XjxBeNObUwyBq0vfXcE3GdfKY5e6/wEFeFNC1bKl6vZ0HDjdWHwW8aIOu0KCopM2X05WbGmZr6zyUu9mUI4Mul26Kio9y0EH+QZHsqubyqwBXc7yBhFnRw==
qv6xzE3y89VjLBj5pIlYsZ33orDFQOTaEqPJJysPCbDS9pWw8g2aZ+f7sUstMKmjAmp1xauGpp1+UidhUj5JbufxcyJ9eROZGRvnp7uoy2EudYGL5KH6s9YfGig4XnALrFZ2n54co0SGuIPIc2w+Wr1T7+Ku4BfA9PS8JNE4oryJIeGphVSfdG/BmpLtv+aEEhtnSQ==
aGVutj2vWqSV9qhe5ZDojPDJP2GZOrnbbWfGhOo6a8giBMDtMuqPzlH3VG4k+SPqYZ+eQZCW6dqMwBL1ZaejcMG+XRqztkBcallqW48/EceQwbu/ys71aXOSlmHW1setKgqZMm8VM05lrWMl8V/Hq4PcW/1mUYGnvDVKz/4bemTA6iDXpDK2cwZIU3jufCNEy5guRnX3b0529Cc8XHBc6KkMcuABxaHFnYDvyIeFup7Vy3YYWj9nZQ==
5JStNgzlPIut9A0P9wTfdWXx/IBGssPlv6+Uh7nwBo5SwZzpev73dB5cFdV8OX0iGOglj8C4zYUjqb5DC5+SJ4wfHN+2QUv3PFAqQVIWel7WoIiSqbLN3GbC+aZWXNf3MeCfmzlpbyIno2wPG3zbU4WiQ1TFe4suMQeuEUAn/+shKQZiQ9ecmpksBGdQ
u1XThOHe/cUKkNlFTEYEdyYtTPp9Qm02ZRz2AxcnAj67j19ZU1os5s3YKn5O+YiJTi8KpLI0gVXo0dFyZLARb9SA0fUPgUqDv/f+lxDniH/CGXcn0Hg+QUY+lo7q+PwyPUpRbAqqTWaidPuHLdiLew0xE3KLS/iPjxR3g3l6dzTRQ5feHS/aUfTPE1u9UZLCtw+gyvUEEGdE
fUGhipUL2X2ipmFz3W0aWyvMeE9jNmsA+DsZOwxOlYK5bztJA1TjhERGoCWm+QDyxJz8aE+VJo2fyqpsXx96XD9NYd3kYxFrkC/+eyYPTIX5n17ksMHIohg2ZGRyQpPWv9RkNuOGDCiVP8MEJQtD7d3KxRc2T0FIObu3pjlE/5955nNz9LHa031jU028srkTrvL7GB5nSg==
2e9rNue3F3Mo4DLOFhG8E4GhoOOjJ1F8PPiwvZ55aBMndvyijzy8N182U2gyjb23i6yYytg4bRCLlL8cwNbEbWrZDPkgrLjQsxVaNVv6zmRTPzaU293lRTgjTXOUP9qz6m/ADV3vGhyMwfRaXEbA7P4iXx6bxGAuv8bQsBGvJ8xpK0/lufoBr0rPvfB9i1OuNWQz1xx29+uocQbLeXN3BfBSNZsKAj9gImd2
xKvwj8fph3XHEehBrM3zzPX2HqHT4rbsnGOVxqyMqFAFwpz6muYkfCq56jtPHxHnVqE4X4ru9UkzchYBFvbHjepqGdIvNTNuJU3jRTF/x4tDvNsdJnGBh/zVyq8+O3pEAIqgN+QStlNGqNMYLlwjZAv4rqY1129uNhSnXJxQXMhpbfIAQeWh5d1gb6hHpbq+Fav2+BofZ0U=
oTJrl2rfzn7fZ+19D5RXTNHf5ZZHDc/yaQNpNmIJ7Ab9G3xOE1dwMn6XvfSJENbOIqEsaepTpjQuvAXVbFlN4shItQ9wWD1Fc8mOQ/u/wmc8v+xfJiEbN8xwOkFCNoqehsAYElkSfZw24gmmZjyHN8EALxupyb/iF8N8Dwuc6xPVAtPUdRv6buHnnhEwBy8rkYl24tM3TNrpDBRnQA==
D5yt+btVkwq1nR5nwOARTnT++gomq8/stu6YZZ08v5j2MLSfhJCmCAReTp8C4WNhITWEl0AVViC1C3e03rtaqBd/XjxBeNObUwyBq0vfXcE3GdfKY5e6/wEFeFNC1bKl6vZ0HDjdWHwW8aIOu0KCopM2X05WbGmZr6zyUu9mUI4Mul27Kio9y0EH+QZHsqubyqwBXc7yBhFnRw==
WRm267ov/MFqQhwbunhJDQETYTZqGYQmBcskDrSt5sBTbDV0AWB+LvoRVCkygZ5UBqwN1WRJZQLwGO3PiOhlJds5BsNzDyrHZM9Un/5xYxckYDJBSiZivv6QwNLhYiU83lKBJu7ML1eZsNfb8ZmHAj/TdA8DjMNz7dILlA2rIo5JlxaRuLdHi0l5zqKL57T6gRwcZ0g=
WS+rMJ77FF1ZvKKUWWXdc8YNp6B5EfUeXnQxR20sxfS6QUqTP0fRL4eYWDe69vVBIwo2KeYuh8W60vk6n62z5rW1Q+1BJwdDk4S7dRZpgY/sreqHzuM6DFAyQN9Uijbb1lBzsF4E46zbwM7OBc9vZiZsh3RsiByAOdUS6PF9IW1NmM8AN/16dsWTlpAqB2dN
geXdgz6J5OkLmzeKgptX9KAUKeGqV1x75g+8jKEo8cwzOAyRK47srfrTC6fnAVLzimQdbx1GQdzaJ/z9xQgZ3S+rf1kIVEeGD8FHWuzmOFyi80EZx/wF60ruDgPEXUJAPR6oLYr9Avp1vwAORY3aclAV0llLJLu6tZcCz+OdcHRDq4QJx7QbuRWkLuxEukYr0pWLZYHx7WJQoZ5ENW+/AM5PMmy3e7ZIkczbfxPoCZ+bq7VFF92/PvOjcpsBYbBn0iHaYcpynGjo6dCYVhWqums2aqYz8je6Rtih/S/IOub/kjhKrL61z/qeNS8B43Eyl8ZDH+poaalexs51ZyM=
mjYwzGBZ2zpcPF9L3vgrUfn3EqzKo/+kg3TMy+DT9AIH2936muYkfCq56jtPHxHnUaA4X4ru9UkzchYBFvbHjepqGdIvNTNuJU3jRTF/x4tDvNsdJnGBh/zVyq8+O3pEAIqgN+QStlNGqNMYLlwjZAv4rqY1129uNhSnXJxQXMhpbfIAQeWh5d1gb6hHpbq+Fav2+BofZ0U=
KM5EuCkpPI2QAIzYSYpvbW6XhhJAElDMu0JpEkucYrgdJWinqEqf7BNWF2rUC5RjGWyfjX/gOizsOaq7KuTDNriKTis+AgPSS6sMV0SebIPw3twuTD8QLci+vuF5ecPWOdn/kGZeaBhpk08cWIlJkvMdiECSHdr3x8sxewukabPiGnW1S5ZmDV5ip1Fyrgl+hwFz0h1pUwk5K2eXmzgLcc4FgfsEsToj9i+aGBjOMBvMpnZv/gzj1KaIA/hT/P5KXSPvkk7w11DUxDwU8anirOnR4VnlRN/kT/Eaos0vJpTya2c5
nn3WqaHr5SQemtVwWVYU7N3gmRMcw3zKK+jyDM06lBMSNh9jUjmHtZ16rMFRQtLF5w1qGBGATm5K8eSpom9PFVaM/dUUabXCoHh9TziI1eXrWRbDYy9aB5RvJB9u0TNX9IACQXrGsv6uMFBSkcLV/K5ykSb+rB+XKdBnW2H518Lv8wQP86yTMz0ymxS9S5LOeXcGkaiXt8s52T4iG0dkOtF8LGd4
8Ye2y+hh9zVxWvfdCJa9AcbXfyBpmFXTUPuImn8AzmzREuAjBi4TY14hk4XpUrChbaqGlRM1Jtjd+Pq+HlkYCT6H+2XCFHFVmPEhMhQQ4e9EIAG1X6Fag68XLtdABxj/cvnHZ+CYDkF23qbOWhhMsq2qASzaSl1mslSrx/14G/v9kWMye2uIj380B0OJ2ge0QePGHs0PylHkr0ObbTECQgdvEArFZCBndA==
RFwXJmj+LpN9ubY4S/a6MY4hQtTa/gqkQ8MNPQbwukfkapx9p4GskuPdpxYJdtgJOeYUCwGkx7doLm5vQrHD8aGlaUYBJbYQtTuXhJ5rujiX7/5sAYjz61P8oduLD/1Rt4m3mqOn2s8BNRhjgoXSNWpm1Mz4rXiMFoGC/vsSIjITpr+eFlyJqa+cEmKvtrAejCr962raHbtB99l2h2ILC0o8YQ0OwmYhZ3c=
4aHsKjeLIkitEPf0f++bQ97nueuvR1N8N/Oyn7JyZTQ8fOPm+iv8KhFjXCVpjfOmgrGfnpx9KVHE+L8cwNbEbWrZDPMhrbjQsxVaNVv6zmRTPzaU293lRTgjTXOUP9qz6m/ADV3vGhyMwfRaXEbA7P4iXx6bxGAuv8bQsBGvJ8xpK0/lufoBr0rPvfB9i1OuNWQz1x929+uocQbLeXN3BfBSNZsKAj9gImd2
BoTDqnVDvpfGhdje4QVf4WmcZIjGAC61y+624JZpl2aZ6ZYm7fil+gx/FjhiZTqPN7PxA/TficsSYnXNu+6Gda4aZymC1ukGd3nzqu0Rs3HJU6fva0DrCT59gYP0ydpbBldaYOi20GM83vYXDnQDrFbww4CjhB4yrVvv6r6INygkvPxsAdIC1BmpYSEVPD+cv4na2j1XxuwCE2dB
/5eMWi2C76F6oLTKTCrjoieNM0kxXCYf8ikeIzMe0ZOoayxcEjDjhERGoCWm+QDywpL8aE+VJo2fyqpsXx96XD9NYd3kYxFrkC/+eyYPTIX5n17ksMHIohg2ZGRyQpPWv9RkNuOGDCiVP8MEJQtD7d3KxRc2T0FIObu3pjlE/5975nNz9LHa031jU028srkTrvL7GB5nSg==
nR85PzdTuSb9SS0lRhIsX77+Ixso4bnQq5Tf3CBWpC1K2Sy5hiJYkNMVuvU7em6kcz8WVDtdhQXYI20zNL9684pvIM09b7rcrMHUmvzGoCweIj9eO0TAbp/GMPBxL8cMSStvJRl6YW+qz92wnQvz7hVkE5d/9hcryHEmC9nz18UQUlXb6oKfIAJnVg==
RoIbqJB9mO14HtdKSSeQCnaagLyLKEYYBE4uz8IRg9GhRSIhjsV2MLUbV2QeC/rYl8++zIEos4tTHGF7C689cbfpd3ojx5rvARVYAwJlElVqRhRseA24bBbhwl57smISE0b//pa8SYmvvNKCL9bw/owKvUjqel3bQRcZ1gfCyytKXKHtjqImAWdX
X4d1c7qjMGmAP7soWGDP/7z+Iwoq973Qq5Tf3CBWpC1K2Sy/hiJYkNMVuvU7em6kcz8WVDtdhQXYI20zNL9684pvIM09b7rcrMHUmvzGoCweIj9eO0TAbp/GMPBxL8cMSStvJRl6YW+qz92wnQvz7hVkE5d/9hcryHEmC9nz18UQUlXb6oKfIAJnVg==
kXnZ6KfLzsK4XK1qhqU+rnaahqqXNUYYBE4uz8IRg9GhRSQhjsV2MLUbV2QeC/rYl8++zIEos4tTHGF7C689cbfpd3ojx5rvARVYAwJlElVqRhRseA24bBbhwl57smISE0b//pa8SYmvvNKCL9bw/owKvUjqel3bQRcZ1gfCyytKXKHtjqImAWdX
ROT7o3sL2KS0PJX0KTId4Haah7yFMEYYBE4uz8IRg9GhRSchjsV2MLUbV2QeC/rYl8++zIEos4tTHGF7C689cbfpd3ojx5rvARVYAwJlElVqRhRseA24bBbhwl57smISE0b//pa8SYmvvNKCL9bw/owKvUjqel3bQRcZ1gfCyytKXKHtjqImAWdX
9uo3PJGyuwj48Y0K5iV9CDbFN5vMHimw3af45Ipv0WCZ58Z1+/C+6Q14NDhiZTqPN7PxA/Xeh8sSYnXNu+6Gda4aZymC1ukGd3nzqu0Rs3HJU6fva0DrCT59gYP0ydpbBldaYOi20GM83vYXDnQDrFbww4CjhB4yrVvv6r6INygkvPxsAdQD1BmpYSEVPD+cv4na2j1XxuwCE2dB
JKtop7khoRCRay2vnoV/BOa6/0h5meK/AFBgmaBVllm1CMSdr5Ht6axFQiXJGmb1bnAImLuCV0xKiSqLL6+RVzET92/q3vV5U0LWsXZGRz2K2tniTwUzXkV9I/VRz0c7IwwbLUZBgbec5QofXov69GA6YAeEIrZjJpgTqE7so9RrSG6WVedvXlYkZ+z84Nx4CdgzMCHVodW9UK8YJxU6DnUbNsh6L2d1
8LSEl18/7M6WZw1Ggr+izx+JG2rCv14yNTK+RunWjBtrPcifl4HQAi+iOCMZnJB1lIOsy9XuNf8LX8louLDMCGDjk4o2tGHyQaL74XMQe2hxZlWbzBMi/gu8PAOS3snOJ9FzAr3Zk3nZe+dH+8hLwW5VgaukAXrTlv8aSPi+8Ktsdna/XrwjpEbYgygzDL76/XPvwu5Al6C0FLxEEd8jHEkB4YlF9B+Ur6Gacq3fZiRSO2dp
8LSEl18/7M6WZw1Ggr+izx+JG2rCv14yNTK+RunWjBtrPcifl4HQAi+iOCMZnJB1lIOsy9XuNf8LX8louLDMCGDjk4o2tGHyQaL74XMQe2hxZlWbzBMi/gu8PAOS3snOJ9FzAr3Zk3nZe+dH+8hLwW5VgaukAXrTlv8aSPi+8Ktsdna/XrwjpEbYgygzDL76/XPvwu5Al6C0FLxEEd8jHEkB4YlF9B+Ur6Gacq3fZiRSO2dp
pNk+V7BA50Y5wrgnNyCe29g7T3IHiNMTP7jV6OnnlCieZo3pn5jdgoANICVEF4skW73M9pJLKwfXgd6kNY//IE4v8sy3m/ZoEawb3xNISX8bi3UlF33/3nODsvsBAXBHUsGawcoSXEhoCZA4VrVq2usWKkYzUvfaxvjhHS8oesZ/8vjqrF7173z+9Y8BQzHSF+aDf+rIKUne5g4VZ0M=
faAHXC+ZmUuE7kENLFThgAOxLgHJrSpZb2liHqMK9xsGN+V/YSxUfvKUovGfn3yKqUqNGXTraPDDFaoVCzoeBMO/hvRrHdUlKCNdU2T/qhMa71Ctja9K/LzBxLoMBhBMbqKvvusEkA6vxsDQIW+XrNmr34VpOlGPus/N0K3LA06l5IM3rDDHC7hxFusJM4elgNKlO1rC7wASZ0Y=
nd4CpwvkY+9d8x+JOGN4fB/n9GDWcoZW1XH1OGz24CEYokBGE16T3p866FLsJmWhWHYEV4EbQVo3LhOHKnA5Ab7uvs1nmw==
U6npEidXwsqtTgBO+sMguNXklRsZ9y/QJdW9HNdz9xFBDCNNYyyUp54/6t5HAZjF7xlhO3zZHkh+3P7Q1zAVSwqM5MRZdIDGo01zVDqI1eXrWRbDYy9aB5RvJB9u0TNX9IACQXrGsv6uMFBSkcLV/K5ykSb+rB+XKdBnW2H518Lv8wQP86yTMz0ymxS9S5PMeXYGkaiXt8s52T4iG0dkOtF8LGd4
jHYR0TBI7NIMq6vN/8Lzp8573qmpgKuCq7rlgutCZtm0/xcVJKeEeY6CL/sLNu33Ou/vQJZ41cOMV6WkuZEAC0rYxe99raLiuO1FsEE/w+IxM4IlEz98YroHaFG8bLsXsCNlyAB85IGeAqexMg6JHkchc/LdCdOpectn91uYi5GOJYHbRFG6gzZPmvhYbrB7DIZ2Tz5sY3TmaAOYk1x+qh0D77IOEFfwFKQ89LEKYcwo8eF5JSRfRA8RGsINj6Z0sktnGQ==
K6LRnT1q5Dxbm7XZLxz4alyDz+w5UQSmp3OwIRRPOzPsR+YvvZhQO0/rulFtd7HS0ZsP9jEEd69tBZtizDGiw9XDS700crFD1pLTqMZnkg==
DDWLDFJMiK5rnhOrwhOYJ5GZkOiUPTy5jdwi6iax6dCxFjxXj0AfVwZv2cqNnJLvcj1Ae/zeHWbtyG/ZErfd5KEWEAxp+suzke3XQ0lax7QBY4odjY4KUSQvg5utsUJCR+9QCgXk4Ge0
n+y+LfnG9FzeQ4bbHlUPmJYmR3lzynuSZWBhRovtQzGX6Fjhk0gCXhfFqZyG0lZrNzlDDa8L7EwW3h665X3t9Ax6OG0oThjqk/LLMq92MN6M6n2uapqc+0E3WbaHootLSnzhTQ4C5uFntw==
4Tgi2NO+VCnT27tr0pexECN+3NI6shAlQ2xqahfxwbhWFh4fl83LiT+vBPhW6vae9XnlACwOcKn46nBeE0ajln+yeKqsHnWrer50zwGDsRIXJgO/6gipid4mjtVngw==
6rlsiGEGqHWpVa8PmCSs4en34szLQb3P2JNoGbNQElYXzbmEpipmI3fxs7XPk3zEllaOIgXFnbzMsggVCFYI4pP62yqPDgAWTKINF4oCDHPBv8ku5xp7gwo00bUuGvbpZ78=
avjdC1r8a4BijAR3FKYrCsDEzen6c5zV75NoGbNQElYXzbmEpipmI3fxs7XPk3zEllaOIgXFnbzMsggVCFYI4pP62yqPDgAWTKINFIoCDHPBv8ku5xp7gwo00bUuGvbpZ78=
UbfEGZx8Q+cSp5Gq+RQ2/AJ+pfhRQa4DnK/L6u7ol089Ai6g6q3nYycjVwngWjY0KsStrzFSfMC847AstBxTuJ/sR0RM2JzwWcNSWFCtIZ2tCA8wF636BqWD1iCK12e9
KEtunblei1iz0LjmSq65th+JG2rCv14yNTK+RunWjBtrPcifl4HQAi+iOCMZnJB1lIOsy9XuNf8LX8louLDMCGDjk4o2tGHyQaL74XMQe2hxZlWbzBMi/gu8PAOS3snOJ9FzAr3Zk3nZe+dH+8hLwW5VgaukAXrTlv8aSPi+8Ktsdna/XrwjpEbYgygzDL76/XPvwu5Al6C0FLxEEdgiHEgB4YlF9B+Ur6Gacq3fZiRSO2dp
bOSMriljN6h9YkG1zlorkB42pYjOP+vvCAaaG9XyMTuOfY3QpqnclFXCkW1q5Ng/GwA8PPI4UDwR3ynlPGRt3o8EEVcz8iut6TuDb0iW6mY+LlmmF95/UPTV1Wak4EUGOk+pXa9kkAGsjgVVKG2gy322JtpE1uOmW4zYZydz81RAGqVXvpYqRgzySu3nuAtWYnnaiyQr3na2fIf4h/WbB6bR1x+JEMnuardZFnwVFJoz7MFBWMpJtLjMTi3PF1ooF/9evEH40xtTjIErS19dQTeZ10pjF7p/AYV400JVsiXqdnScOF1Y/BZxoo67woIik7ZfzlbsaRmvLPLS7+ZQDgw6XTkqqjxLQYf5hkcyqxvKLAHdznIGkWfH
uf7Eg5ShPzs4suGTYDmpiOyO21Iq3SxWMpXGdjMb4U7k0e+pyhh6a/Znndji0OmsWBstbwYUHXvb1x11J5bsVbQolzNMnNyIhsh+uCX0B3gc7j8bcELyypD3MRk+XXvjagCpkYuPcZmTZqClEFN4s9/yKERVgIi3MuSxQVBcdLN7uQWPpcddENW9CjcUIdCaPwJYeizOlV26rtR/ATMRAldWY+9qWIk5HjZuJWdz
V8e31ypAvLhlkSMr+qu8qx2iyaas4J55t5WklJYRbHO53JGiqvsB2sp9w7dTwFkt6MbRuDjA1iF/e8IEd9OG0PE0i1eTwNnnezOF7Vc1zyZTm6LzAQlgX3I5qomK2qzwCJEAsNY9+kILrloO85rHoubg8RUvIGreX4rIImwWhVqaZmQHgcuhSndec7eqgBmx/v4eHWdL
ax+0jQSWGbGPSd/YkOH5LSni5wE/tt2CrOyGdY19o7v2PbSfiZDJbmo3WZZ6kRsbM2zBwVhKSTS4TE6tz5daqBd/XjxBeNObUwyBq0vfXcE3GdfKY5e6/wEFeFNC1bKl6vZ0HDjdWHwW8aIOu0KCopM2X05WbGmZr6zyUu9mUI4Mul22Kio8y0EH+QZHsqubyqwBXc7yBhFnRw==
HXSSQPLx0Cr6DBDk5SLUSM573qmpgKuCq7rlgutCZtm0/xcVJKeEeY6CL/sLNu33Ou/vQJZ41cOMV6WkuZEAC0rYxe99raLiuO1FsEE/w+IxM4IlEz98YroHaFG8bLsXsCNlyAB85IGeAqexMg6JHkchc/LdCdOpectn91uYi5GOJYHbRFG6gzZPmvhYbrB7DIZ2Tz5sY3TmaAOYk1x+qh0D77IOEFfwFKQ89LEEYswo8eF5JSRfRA8RGsINj6Z0sktnGQ==
eiVvmRNgH7AkSRdr07SSkDxodqskVyQsbwDwAQIpIm62yhIdB3sf2qTPIwY+gfKbF29cvO0rlViv6MhjSLARb9SA0fUPgUqDv/f+lxDniH/CGXcn0Hg+QUY+lo7q+PwyPUpRbAqqTWaidPuHLdiLew0xE3KLS/iPjxR3g3l6dzTRQ5veHS7aUfTPE1u9UZLCtw+gyvUEEGdE
QNeBLejdDel890Qdz8qNsh+JFWLG4Vs1KGXqSaavrTNRFfuwpKjQAyPjdyRcj4liiYKswtqnNfsHYYYDuL3BZn3kivklpGL3X+Gj8i0DMFxdXnii0j830T6yJwGS3snOJ9FzAr3Zk3nZe+dH+8hLwW5VgaukAXrTlv8aSPi+8Ktsdna/XrwjpEbYgygzDL76/XPvwu5Al6C0FLxEEdQiHEgB4YlF9B+Ur6Gacq3fZiRSO2dp
SXoAc7JIsA+nrVeuoIFCy3oP7bGF10K4WjK7pro1052khqzS+ld1S+fxBpPYDQEWXfSK6QXUokc/cSNizbNwrH1OeLLyz3dh3iKnkfJuCb4HwXMSnalTybnrZ9cbeAsxTkWBu4TxOmN2b5rYmA4w20xmdq9+zOMUJkgDuNO8/grdY+/SzrDXEFSEPNRxZOJsaBHhmWWE3yTPMRriTW8m1HIrZ3k=
9l9IVuOm7Dp8tusjXRbxi4JUv7VhX3wE57q3Kd+erZqs1PZdbVXz4zbl5PcpeHkW6s/p/tp5y0NztBHpOGK5DLh0voWvv4pwVyeO1OEQY2PTdDFD67cNGfdBh+KDv8rHAT0Ie6L94v0qLiR0mDXoBJYJEmYbqlL60+6PZjZEmaGvlAJ6j06AVkzijV6KQowzwX9J7ufa+0MK9FF1Ltp2KWd/
IIP0JYl8ai/vqKExPFYn1ikutuNg5WtiRS9BGn+O6NIJGXmGxWrJ3ZTBAEIvlnC+jMo9B+o63BtBV5kWBwJLa0qcIS2O4qbBZ5c=
32IYM/gg7dD4jcMwWXDbykdA/rVMJlyXsNEjpgXrCa6v+gB2qb0RclXeQVkURYj2v2IYGixu1XM6jpTfAZPRItd2o09quEnZntauxWeT
8KcKiPx/K26Yz56s6LFJ1Eda+LVQPl2XsNEjpgXrCa6v+gB2qb0RclXeQVkURYj2v2IYGixu1XM6jpTfAZPRItd2o09quEnZntauxWeT
XAg5BF4gyTYti2G6ZWTcX0dA/rdLLF2XsNEjpgXrCa6v+gB2qb0RclXeQVkURYj2v2IYGixu1XM6jpTfAZPRItd2o09quEnZntauxWeT
/NEu3R8aiV6xYtmxuaZHnkZA/rdLLF2XsNEjpgXrCa6v+gB2qb0RclXeQVkURYj2v2IYGixu1Xo7jpTfAZPRItd2o09quEnZntauxWeT
u7psCi7kMhXJQR1Ko3IOs3PZeJbbBS65372s6opvlXOXycYrqLXhri1MClF1bEL/T8njWr2LkJQNdniKgveXWa4aZymC1ukGd3nzqu0Rs3HJU6fva0DrCT59gYP0ydpbBldaYOi20GM83vYXDnQDrFbww4CjhB4yrVvv6r6INygkvPxsAdQD1BipYSEVPD+cv4na2j1XxuwCE2dB
Qc6WwHt8XRwpkJs6KB6fe9Z7DjVTndQIO6XVrKzojmGdaYvf1tmcy9lEASoqc5FCKsWz/5MIaVXI3sGwOMjGOV8D8sy3m/ZoEawb3xNISX8bi3UlF33/3nODsvsBAXBHUsGawcoSXEhoCZA4VrVq2usWKkYzUvfaxvjhHS8oesZ/8vjqrF716nv+9I8BQzHSF+aDf+rIKUne5g4VZ0M=
Um+tk/lKJ9/CgTx3kcdq/Jo/JvjD55YCej+7RR8pJixXcNjh2nlqrn56ar3v64daPF+LZoZxOttfv4SchRttWNfYIEMQ4NmvnPBpFacR0gMnZ5Y36FfAPwrJL0f4iAZBfs6+7rIoNHJ1+qnMYjrV5jrkU2eVqMO7xWFLUmN7gI93JB+joao/dBmzK7+1vkLRbF/7+8XhWgL/X3gq3XQoZ3w=
DVzUxDUP3JlWTUUHYgatS1ML5pazzAFj1bE3WQgsaQzmGeQFVF5ABlRF0Ze5ugIjtZ64DQQrYcO6ZLtnU5hppJ67rpxnXyKM1+0ZbWzjmRsoz1Yrfs+0tZG/RvS4wcCyABYMVIqCy4YXNNxGawaEmO2fK9R9S3sd9ardBz5PSVghW5/WAYQnzxVHi8J8MVIjxQP7nWTywSNG0uMIFmdC
+Mf+jKq90FZtJGSCdg+0R3wBj4UvqywsFjpcFGXdrdQMGniNqC7YypPSC1IvlnC+jMo9Dus63BtBV5kWBwJLa0qcIS2O4qbBZ5c=
CilK8/8XsJ4CZTPAS9vB73wBj4UvqywsFj5eGmXdrdQMGniNqC7YypPSC1IvlnC+jMo9Dus63BtBV5kWBwJLa0qcIS2O4qbBZ5c=
P0eXXFgWKjgN8xxCJyFr6tXklRsZ9y/QJdW9HNdz9xFBDCNNYyyUp54/6t5HAZjF7xlhO3zZHkh+3P7Q1zAVSwqM5MRZdIDGo01zVDqI1eXrWRbDYy9aB5RvJB9u0TNX9IACQXrGsv6uMFBSkcLV/K5ykSb+rB+XKdBnW2H518Lv8wQP86yTMz0ymxS9S5fPeXYGkaiXt8s52T4iG0dkOtF8LGd4
kqgL4CDGWE96Fw8+H5Pgnw4aZImIiaTVZfZMfkXYngt/HNd9NX+h+yz7J8ZpxA9/zKcDEkSxKnNNIyNtjDJpMz6y67jOZ5o=
W57Z66Q3vvPpY9bsXwbeaTnPf4zACim6nKDp/asmlH6Rw8YrqLXhri1MClF1bEL/T8njWr2LkJQNdniKgveXWa4aZymC1ukGd3nzqu0Rs3HJU6fva0DrCT59gYP0ydpbBldaYOi20GM83vYXDnQDrFbww4CjhB4yrVvv6r6INygkvPxsAdYD1BipYSEVPD+cv4na2j1XxuwCE2dB
8UR/tXAwukZYxGhw09GZEVyDz+05UQSmp3OwIRRPOzPsR+YvvZhQO0/rulFtd7HS0ZsP9jEEd69nB5tizDGiw9XDS700crFD1pLTqMZnkg==
rKKCcnLu1o+lu5I/vC+iF2awjQqO7YFTZmdSYJFbHQsebcvPsbthdjFYptQK6du1dGcXY6kig6Ga5zMBNfvUtIr236NhKv902TPpv3U+gtGs3zv7BWGaAj/fuCod9OhnvA==
+pcQXdZDiYZoo3QNnSvP1SK8tmQfwPFYiZas5gvFKm4gdUdms01Ks76lnC+FHIJeQKjml0V/CT1SQAUCXSwOKASM7fJyuTFqnrVuTasSa2Eyd0uh/Qvfu5aclwOZulc0sQPxX71u+lEUD/PbHRGywtdPAEpVxPBnpA==
WF9mwmDnIYZbdBJpX+sthnxbuQhZw7ac+LLZsReOo7I8QfzklxpTlM0U58y8gNwYSfu0EOA1oTV9cC84Z3U6bjU7tui6z2eV
XH4/PjfeGaZ3I1LlR+PZTrwlOjkUcXoOO5ANXNi1i1QLN6Q1e6Pxsx3yOxRdi7RIWTZmkQhXV0vZGZ4iewcEuvG8zGeY
Dc9ab0W5h8/yDhlEeu52mUZbeYgQV9vKOTavRUNzg8MR2/+WoYTHDzbA64LcMbLj5YOb3cTyIeNmUoNItmfi
FYBRENgmTLUNRI9ranAtUleX1X9hi81T5ufTYrTktwjkXPwMQfeENNgJYYHV3L+8/+naOv13RoxCs2fh
RzokhunN8Zxy+WXkNcSKoXwBj4UvqywsFjpcFGXdrdQMGniNqC7YypPSC1IvlnC+jMo9Buw63BtBV5kWBwJLa0qcIS2O4qbBZ5c=
1L28/tsHSf9IVMhKGjGpUiL+P5UX89MH8Zx0KqmKvQEyF07W24WFGhY3pdtlVcgYoYFUXjBWPZ2asIvCfWqUmudbX1bBhOdP1URLS7kxm6IFAzsdpPIBo4bSI4jWZ4I=
